<?xml version="1.0" encoding="UTF-8"?>
<!-- Generated by org.testng.reporters.JUnitXMLReporter -->
<testsuite ignored="4" hostname="Yadav" failures="2" tests="3" name="Test" time="8.927" errors="0" timestamp="2024-12-23T12:29:41 IST">
  <testcase classname="testCases.TC01_testTextElement" name="verify_testTextElement" time="0.713"/>
  <testcase classname="testCases.TC02_testRadioCheckBox" name="verify_testRadioCheckBoxElement" time="0.011">
    <failure type="java.lang.NullPointerException" message="Cannot invoke &amp;quot;org.openqa.selenium.SearchContext.findElement(org.openqa.selenium.By)&amp;quot; because &amp;quot;this.searchContext&amp;quot; is null">
      <![CDATA[java.lang.NullPointerException: Cannot invoke "org.openqa.selenium.SearchContext.findElement(org.openqa.selenium.By)" because "this.searchContext" is null
at org.openqa.selenium.support.pagefactory.DefaultElementLocator.findElement(DefaultElementLocator.java:68)
at org.openqa.selenium.support.pagefactory.internal.LocatingElementHandler.invoke(LocatingElementHandler.java:38)
at jdk.proxy2/jdk.proxy2.$Proxy16.click(Unknown Source)
at pageObject.RadioCheckBoxElement.clickMaleRadioButton(RadioCheckBoxElement.java:22)
at testCases.TC02_testRadioCheckBox.verify_testRadioCheckBoxElement(TC02_testRadioCheckBox.java:15)
at java.base/java.util.ArrayList.forEach(ArrayList.java:1596)
... Removed 25 stack frames]]>
    </failure>
  </testcase> <!-- verify_testRadioCheckBoxElement -->
  <testcase classname="testCases.TC03_testDropDownElement" name="verify_dropDownElement" time="0.004">
    <failure type="java.lang.NullPointerException" message="Cannot invoke &amp;quot;org.openqa.selenium.SearchContext.findElement(org.openqa.selenium.By)&amp;quot; because &amp;quot;this.searchContext&amp;quot; is null">
      <![CDATA[java.lang.NullPointerException: Cannot invoke "org.openqa.selenium.SearchContext.findElement(org.openqa.selenium.By)" because "this.searchContext" is null
at org.openqa.selenium.support.pagefactory.DefaultElementLocator.findElement(DefaultElementLocator.java:68)
at org.openqa.selenium.support.pagefactory.internal.LocatingElementHandler.invoke(LocatingElementHandler.java:38)
at jdk.proxy2/jdk.proxy2.$Proxy16.getTagName(Unknown Source)
at org.openqa.selenium.support.ui.Select.<init>(Select.java:43)
at pageObject.DropDownElement.setCountryName(DropDownElement.java:21)
at testCases.TC03_testDropDownElement.verify_dropDownElement(TC03_testDropDownElement.java:13)
at java.base/java.util.ArrayList.forEach(ArrayList.java:1596)
... Removed 25 stack frames]]>
    </failure>
  </testcase> <!-- verify_dropDownElement -->
  <testcase classname="testBases.BaseClass" name="@BeforeTest openApp" time="0.0">
    <ignored/>
  </testcase> <!-- @BeforeTest openApp -->
  <testcase classname="testBases.BaseClass" name="@AfterTest tesrDown" time="0.0">
    <ignored/>
  </testcase> <!-- @AfterTest tesrDown -->
  <testcase classname="testBases.BaseClass" name="@BeforeTest openApp" time="0.0">
    <ignored/>
  </testcase> <!-- @BeforeTest openApp -->
  <testcase classname="testBases.BaseClass" name="@AfterTest tesrDown" time="0.0">
    <ignored/>
  </testcase> <!-- @AfterTest tesrDown -->
</testsuite> <!-- Test -->
